---
# Source: grafana/templates/serviceaccount.yaml
apiVersion: v1
kind: ServiceAccount
metadata:
  labels:
    helm.sh/chart: grafana-6.15.0
    app.kubernetes.io/name: grafana
    app.kubernetes.io/instance: grafana
    app.kubernetes.io/version: "8.1.0"
    app.kubernetes.io/managed-by: Helm
  name: grafana
  namespace: devel010417-dev
---
# Source: grafana/templates/secret.yaml
apiVersion: v1
kind: Secret
metadata:
  name: grafana
  namespace: devel010417-dev
  labels:
    helm.sh/chart: grafana-6.15.0
    app.kubernetes.io/name: grafana
    app.kubernetes.io/instance: grafana
    app.kubernetes.io/version: "8.1.0"
    app.kubernetes.io/managed-by: Helm
type: Opaque
data:
  admin-user: "YWRtaW4="
  admin-password: "cGFzc3dvcmQxMjM="
  ldap-toml: ""
---
# Source: grafana/templates/configmap.yaml
apiVersion: v1
kind: ConfigMap
metadata:
  name: grafana
  namespace: devel010417-dev
  labels:
    helm.sh/chart: grafana-6.15.0
    app.kubernetes.io/name: grafana
    app.kubernetes.io/instance: grafana
    app.kubernetes.io/version: "8.1.0"
    app.kubernetes.io/managed-by: Helm
data:
  grafana.ini: |
    [analytics]
    check_for_updates = true
    [grafana_net]
    url = https://grafana.net
    [log]
    mode = console
    [paths]
    data = /var/lib/grafana/
    logs = /var/log/grafana
    plugins = /var/lib/grafana/plugins
    provisioning = /etc/grafana/provisioning
---
# Source: grafana/templates/service.yaml
apiVersion: v1
kind: Service
metadata:
  name: grafana
  namespace: devel010417-dev
  labels:
    helm.sh/chart: grafana-6.15.0
    app.kubernetes.io/name: grafana
    app.kubernetes.io/instance: grafana
    app.kubernetes.io/version: "8.1.0"
    app.kubernetes.io/managed-by: Helm
spec:
  type: ClusterIP
  ports:
    - name: service
      port: 80
      protocol: TCP
      targetPort: 3000

  selector:
    app.kubernetes.io/name: grafana
    app.kubernetes.io/instance: grafana
---
# Source: grafana/templates/deployment.yaml
apiVersion: apps/v1
kind: Deployment
metadata:
  name: grafana
  namespace: devel010417-dev
  labels:
    helm.sh/chart: grafana-6.15.0
    app.kubernetes.io/name: grafana
    app.kubernetes.io/instance: grafana
    app.kubernetes.io/version: "8.1.0"
    app.kubernetes.io/managed-by: Helm
spec:
  replicas: 1
  revisionHistoryLimit: 10
  selector:
    matchLabels:
      app.kubernetes.io/name: grafana
      app.kubernetes.io/instance: grafana
  strategy:
    type: RollingUpdate
  template:
    metadata:
      labels:
        app.kubernetes.io/name: grafana
        app.kubernetes.io/instance: grafana
      annotations:
        checksum/config: baa0395af78f7951761eb13545eee9c323b064f73d3b1a571925b585cfc07a0a
        checksum/dashboards-json-config: 01ba4719c80b6fe911b091a7c05124b64eeece964e09c058ef8f9805daca546b
        checksum/sc-dashboard-provider-config: 01ba4719c80b6fe911b091a7c05124b64eeece964e09c058ef8f9805daca546b
        checksum/secret: 566a300f06722e9188bde7c36802c4a554dfff1412f8d93727c4bb25fa086d9d
    spec:
      
      serviceAccountName: grafana
      automountServiceAccountToken: true
      securityContext:
        fsGroup: 472
        runAsGroup: 472
        runAsUser: 472
        ufsGroup: 472
      enableServiceLinks: true
      containers:
        - name: grafana
          image: "grafana/grafana:8.1.0"
          imagePullPolicy: IfNotPresent
          volumeMounts:
            - name: config
              mountPath: "/etc/grafana/grafana.ini"
              subPath: grafana.ini
            - name: storage
              mountPath: "/var/lib/grafana"
          ports:
            - name: service
              containerPort: 80
              protocol: TCP
            - name: grafana
              containerPort: 3000
              protocol: TCP
          env:
            - name: GF_SECURITY_ADMIN_USER
              valueFrom:
                secretKeyRef:
                  name: grafana
                  key: admin-user
            - name: GF_SECURITY_ADMIN_PASSWORD
              valueFrom:
                secretKeyRef:
                  name: grafana
                  key: admin-password
            
            - name: GF_PATHS_DATA
              value: /var/lib/grafana/
            - name: GF_PATHS_LOGS
              value: /var/log/grafana
            - name: GF_PATHS_PLUGINS
              value: /var/lib/grafana/plugins
            - name: GF_PATHS_PROVISIONING
              value: /etc/grafana/provisioning
          livenessProbe:
            failureThreshold: 10
            httpGet:
              path: /api/health
              port: 3000
            initialDelaySeconds: 60
            timeoutSeconds: 30
          readinessProbe:
            httpGet:
              path: /api/health
              port: 3000
          resources:
            {}
      volumes:
        - name: config
          configMap:
            name: grafana
        - name: storage
          emptyDir: {}
