---
# Source: prometheus/templates/alertmanager/serviceaccount.yaml
apiVersion: v1
kind: ServiceAccount
metadata:
  labels:
    component: "alertmanager"
    app: prometheus
    release: prom
    chart: prometheus-14.5.0
    heritage: Helm
  name: prom-prometheus-alertmanager
  namespace: devel010417-dev
  annotations:
    {}
---
# Source: prometheus/templates/server/serviceaccount.yaml
apiVersion: v1
kind: ServiceAccount
metadata:
  labels:
    component: "server"
    app: prometheus
    release: prom
    chart: prometheus-14.5.0
    heritage: Helm
  name: prom-prometheus-server
  namespace: devel010417-dev
  annotations:
    {}
---
# Source: prometheus/templates/alertmanager/cm.yaml
apiVersion: v1
kind: ConfigMap
metadata:
  labels:
    component: "alertmanager"
    app: prometheus
    release: prom
    chart: prometheus-14.5.0
    heritage: Helm
  name: prom-prometheus-alertmanager
  namespace: devel010417-dev
data:
  alertmanager.yml: |
    global: {}
    receivers:
    - name: default-receiver
    route:
      group_interval: 5m
      group_wait: 10s
      receiver: default-receiver
      repeat_interval: 3h
---
# Source: prometheus/templates/server/cm.yaml
apiVersion: v1
kind: ConfigMap
metadata:
  labels:
    component: "server"
    app: prometheus
    release: prom
    chart: prometheus-14.5.0
    heritage: Helm
  name: prom-prometheus-server
  namespace: devel010417-dev
data:
  alerting_rules.yml: |
    {}
  alerts: |
    {}
  prometheus.yml: |
    global:
      evaluation_interval: 1m
      scrape_interval: 1m
      scrape_timeout: 10s
    remote_write:
    - url: http://vmserver-victoria-metrics-single-server:8428/api/v1/write
    rule_files:
    - /etc/config/recording_rules.yml
    - /etc/config/alerting_rules.yml
    - /etc/config/rules
    - /etc/config/alerts
    scrape_configs:
    - job_name: prometheus
      static_configs:
      - targets:
        - localhost:9090
    - bearer_token_file: /var/run/secrets/kubernetes.io/serviceaccount/token
      job_name: kubernetes-apiservers
      kubernetes_sd_configs:
      - role: endpoints
      relabel_configs:
      - action: keep
        regex: default;kubernetes;https
        source_labels:
        - __meta_kubernetes_namespace
        - __meta_kubernetes_service_name
        - __meta_kubernetes_endpoint_port_name
      scheme: https
      tls_config:
        ca_file: /var/run/secrets/kubernetes.io/serviceaccount/ca.crt
        insecure_skip_verify: true
    - bearer_token_file: /var/run/secrets/kubernetes.io/serviceaccount/token
      job_name: kubernetes-nodes
      kubernetes_sd_configs:
      - role: node
      relabel_configs:
      - action: labelmap
        regex: __meta_kubernetes_node_label_(.+)
      - replacement: kubernetes.default.svc:443
        target_label: __address__
      - regex: (.+)
        replacement: /api/v1/nodes/$1/proxy/metrics
        source_labels:
        - __meta_kubernetes_node_name
        target_label: __metrics_path__
      scheme: https
      tls_config:
        ca_file: /var/run/secrets/kubernetes.io/serviceaccount/ca.crt
        insecure_skip_verify: true
    - bearer_token_file: /var/run/secrets/kubernetes.io/serviceaccount/token
      job_name: kubernetes-nodes-cadvisor
      kubernetes_sd_configs:
      - role: node
      relabel_configs:
      - action: labelmap
        regex: __meta_kubernetes_node_label_(.+)
      - replacement: kubernetes.default.svc:443
        target_label: __address__
      - regex: (.+)
        replacement: /api/v1/nodes/$1/proxy/metrics/cadvisor
        source_labels:
        - __meta_kubernetes_node_name
        target_label: __metrics_path__
      scheme: https
      tls_config:
        ca_file: /var/run/secrets/kubernetes.io/serviceaccount/ca.crt
        insecure_skip_verify: true
    - job_name: kubernetes-service-endpoints
      kubernetes_sd_configs:
      - role: endpoints
      relabel_configs:
      - action: keep
        regex: true
        source_labels:
        - __meta_kubernetes_service_annotation_prometheus_io_scrape
      - action: replace
        regex: (https?)
        source_labels:
        - __meta_kubernetes_service_annotation_prometheus_io_scheme
        target_label: __scheme__
      - action: replace
        regex: (.+)
        source_labels:
        - __meta_kubernetes_service_annotation_prometheus_io_path
        target_label: __metrics_path__
      - action: replace
        regex: ([^:]+)(?::\d+)?;(\d+)
        replacement: $1:$2
        source_labels:
        - __address__
        - __meta_kubernetes_service_annotation_prometheus_io_port
        target_label: __address__
      - action: labelmap
        regex: __meta_kubernetes_service_label_(.+)
      - action: replace
        source_labels:
        - __meta_kubernetes_namespace
        target_label: kubernetes_namespace
      - action: replace
        source_labels:
        - __meta_kubernetes_service_name
        target_label: kubernetes_name
      - action: replace
        source_labels:
        - __meta_kubernetes_pod_node_name
        target_label: kubernetes_node
    - job_name: kubernetes-service-endpoints-slow
      kubernetes_sd_configs:
      - role: endpoints
      relabel_configs:
      - action: keep
        regex: true
        source_labels:
        - __meta_kubernetes_service_annotation_prometheus_io_scrape_slow
      - action: replace
        regex: (https?)
        source_labels:
        - __meta_kubernetes_service_annotation_prometheus_io_scheme
        target_label: __scheme__
      - action: replace
        regex: (.+)
        source_labels:
        - __meta_kubernetes_service_annotation_prometheus_io_path
        target_label: __metrics_path__
      - action: replace
        regex: ([^:]+)(?::\d+)?;(\d+)
        replacement: $1:$2
        source_labels:
        - __address__
        - __meta_kubernetes_service_annotation_prometheus_io_port
        target_label: __address__
      - action: labelmap
        regex: __meta_kubernetes_service_label_(.+)
      - action: replace
        source_labels:
        - __meta_kubernetes_namespace
        target_label: kubernetes_namespace
      - action: replace
        source_labels:
        - __meta_kubernetes_service_name
        target_label: kubernetes_name
      - action: replace
        source_labels:
        - __meta_kubernetes_pod_node_name
        target_label: kubernetes_node
      scrape_interval: 5m
      scrape_timeout: 30s
    - honor_labels: true
      job_name: prometheus-pushgateway
      kubernetes_sd_configs:
      - role: service
      relabel_configs:
      - action: keep
        regex: pushgateway
        source_labels:
        - __meta_kubernetes_service_annotation_prometheus_io_probe
    - job_name: kubernetes-services
      kubernetes_sd_configs:
      - role: service
      metrics_path: /probe
      params:
        module:
        - http_2xx
      relabel_configs:
      - action: keep
        regex: true
        source_labels:
        - __meta_kubernetes_service_annotation_prometheus_io_probe
      - source_labels:
        - __address__
        target_label: __param_target
      - replacement: blackbox
        target_label: __address__
      - source_labels:
        - __param_target
        target_label: instance
      - action: labelmap
        regex: __meta_kubernetes_service_label_(.+)
      - source_labels:
        - __meta_kubernetes_namespace
        target_label: kubernetes_namespace
      - source_labels:
        - __meta_kubernetes_service_name
        target_label: kubernetes_name
    - job_name: kubernetes-pods
      kubernetes_sd_configs:
      - role: pod
      relabel_configs:
      - action: keep
        regex: true
        source_labels:
        - __meta_kubernetes_pod_annotation_prometheus_io_scrape
      - action: replace
        regex: (https?)
        source_labels:
        - __meta_kubernetes_pod_annotation_prometheus_io_scheme
        target_label: __scheme__
      - action: replace
        regex: (.+)
        source_labels:
        - __meta_kubernetes_pod_annotation_prometheus_io_path
        target_label: __metrics_path__
      - action: replace
        regex: ([^:]+)(?::\d+)?;(\d+)
        replacement: $1:$2
        source_labels:
        - __address__
        - __meta_kubernetes_pod_annotation_prometheus_io_port
        target_label: __address__
      - action: labelmap
        regex: __meta_kubernetes_pod_label_(.+)
      - action: replace
        source_labels:
        - __meta_kubernetes_namespace
        target_label: kubernetes_namespace
      - action: replace
        source_labels:
        - __meta_kubernetes_pod_name
        target_label: kubernetes_pod_name
      - action: drop
        regex: Pending|Succeeded|Failed|Completed
        source_labels:
        - __meta_kubernetes_pod_phase
    - job_name: kubernetes-pods-slow
      kubernetes_sd_configs:
      - role: pod
      relabel_configs:
      - action: keep
        regex: true
        source_labels:
        - __meta_kubernetes_pod_annotation_prometheus_io_scrape_slow
      - action: replace
        regex: (https?)
        source_labels:
        - __meta_kubernetes_pod_annotation_prometheus_io_scheme
        target_label: __scheme__
      - action: replace
        regex: (.+)
        source_labels:
        - __meta_kubernetes_pod_annotation_prometheus_io_path
        target_label: __metrics_path__
      - action: replace
        regex: ([^:]+)(?::\d+)?;(\d+)
        replacement: $1:$2
        source_labels:
        - __address__
        - __meta_kubernetes_pod_annotation_prometheus_io_port
        target_label: __address__
      - action: labelmap
        regex: __meta_kubernetes_pod_label_(.+)
      - action: replace
        source_labels:
        - __meta_kubernetes_namespace
        target_label: kubernetes_namespace
      - action: replace
        source_labels:
        - __meta_kubernetes_pod_name
        target_label: kubernetes_pod_name
      - action: drop
        regex: Pending|Succeeded|Failed|Completed
        source_labels:
        - __meta_kubernetes_pod_phase
      scrape_interval: 5m
      scrape_timeout: 30s
    alerting:
      alertmanagers:
      - kubernetes_sd_configs:
          - role: pod
        tls_config:
          ca_file: /var/run/secrets/kubernetes.io/serviceaccount/ca.crt
        bearer_token_file: /var/run/secrets/kubernetes.io/serviceaccount/token
        relabel_configs:
        - source_labels: [__meta_kubernetes_namespace]
          regex: devel010417-dev
          action: keep
        - source_labels: [__meta_kubernetes_pod_label_app]
          regex: prometheus
          action: keep
        - source_labels: [__meta_kubernetes_pod_label_component]
          regex: alertmanager
          action: keep
        - source_labels: [__meta_kubernetes_pod_annotation_prometheus_io_probe]
          regex: .*
          action: keep
        - source_labels: [__meta_kubernetes_pod_container_port_number]
          regex: "9093"
          action: keep
  recording_rules.yml: |
    {}
  rules: |
    {}
---
# Source: prometheus/templates/server/pvc.yaml
apiVersion: v1
kind: PersistentVolumeClaim
metadata:
  labels:
    component: "server"
    app: prometheus
    release: prom
    chart: prometheus-14.5.0
    heritage: Helm
  name: prom-prometheus-server
  namespace: devel010417-dev
spec:
  accessModes:
    - ReadWriteOnce
  storageClassName: "gp2"
  resources:
    requests:
      storage: "5Gi"
---
# Source: prometheus/templates/alertmanager/service.yaml
apiVersion: v1
kind: Service
metadata:
  labels:
    component: "alertmanager"
    app: prometheus
    release: prom
    chart: prometheus-14.5.0
    heritage: Helm
  name: prom-prometheus-alertmanager
  namespace: devel010417-dev
spec:
  ports:
    - name: http
      port: 80
      protocol: TCP
      targetPort: 9093
  selector:
    component: "alertmanager"
    app: prometheus
    release: prom
  sessionAffinity: None
  type: "ClusterIP"
---
# Source: prometheus/templates/server/service.yaml
apiVersion: v1
kind: Service
metadata:
  labels:
    component: "server"
    app: prometheus
    release: prom
    chart: prometheus-14.5.0
    heritage: Helm
  name: prom-prometheus-server
  namespace: devel010417-dev
spec:
  ports:
    - name: http
      port: 80
      protocol: TCP
      targetPort: 9090
  selector:
    component: "server"
    app: prometheus
    release: prom
  sessionAffinity: None
  type: "ClusterIP"
---
# Source: prometheus/templates/alertmanager/deploy.yaml
apiVersion: apps/v1
kind: Deployment
metadata:
  labels:
    component: "alertmanager"
    app: prometheus
    release: prom
    chart: prometheus-14.5.0
    heritage: Helm
  name: prom-prometheus-alertmanager
  namespace: devel010417-dev
spec:
  selector:
    matchLabels:
      component: "alertmanager"
      app: prometheus
      release: prom
  replicas: 1
  template:
    metadata:
      labels:
        component: "alertmanager"
        app: prometheus
        release: prom
        chart: prometheus-14.5.0
        heritage: Helm
    spec:
      serviceAccountName: prom-prometheus-alertmanager
      containers:
        - name: prometheus-alertmanager
          image: "quay.io/prometheus/alertmanager:v0.21.0"
          imagePullPolicy: "IfNotPresent"
          env:
            - name: POD_IP
              valueFrom:
                fieldRef:
                  apiVersion: v1
                  fieldPath: status.podIP
          args:
            - --config.file=/etc/config/alertmanager.yml
            - --storage.path=/data
            - --cluster.advertise-address=[$(POD_IP)]:6783
            - --web.external-url=http://localhost:9093

          ports:
            - containerPort: 9093
          readinessProbe:
            httpGet:
              path: /-/ready
              port: 9093
            initialDelaySeconds: 30
            timeoutSeconds: 30
          resources:
            {}
          volumeMounts:
            - name: config-volume
              mountPath: /etc/config
            - name: storage-volume
              mountPath: "/data"
              subPath: ""
        - name: prometheus-alertmanager-configmap-reload
          image: "jimmidyson/configmap-reload:v0.5.0"
          imagePullPolicy: "IfNotPresent"
          args:
            - --volume-dir=/etc/config
            - --webhook-url=http://127.0.0.1:9093/-/reload
          resources:
            {}
          volumeMounts:
            - name: config-volume
              mountPath: /etc/config
              readOnly: true
      volumes:
        - name: config-volume
          configMap:
            name: prom-prometheus-alertmanager
        - name: storage-volume
          emptyDir:
            {}
---
# Source: prometheus/templates/server/deploy.yaml
apiVersion: apps/v1
kind: Deployment
metadata:
  labels:
    component: "server"
    app: prometheus
    release: prom
    chart: prometheus-14.5.0
    heritage: Helm
  name: prom-prometheus-server
  namespace: devel010417-dev
spec:
  selector:
    matchLabels:
      component: "server"
      app: prometheus
      release: prom
  replicas: 1
  template:
    metadata:
      labels:
        component: "server"
        app: prometheus
        release: prom
        chart: prometheus-14.5.0
        heritage: Helm
    spec:
      enableServiceLinks: true
      serviceAccountName: prom-prometheus-server
      containers:
        - name: prometheus-server-configmap-reload
          image: "jimmidyson/configmap-reload:v0.5.0"
          imagePullPolicy: "IfNotPresent"
          args:
            - --volume-dir=/etc/config
            - --webhook-url=http://127.0.0.1:9090/-/reload
          resources:
            {}
          volumeMounts:
            - name: config-volume
              mountPath: /etc/config
              readOnly: true

        - name: prometheus-server
          image: "quay.io/prometheus/prometheus:v2.26.0"
          imagePullPolicy: "IfNotPresent"
          args:
            - --storage.tsdb.retention.time=15d
            - --config.file=/etc/config/prometheus.yml
            - --storage.tsdb.path=/data
            - --web.console.libraries=/etc/prometheus/console_libraries
            - --web.console.templates=/etc/prometheus/consoles
            - --web.enable-lifecycle
          ports:
            - containerPort: 9090
          readinessProbe:
            httpGet:
              path: /-/ready
              port: 9090
            initialDelaySeconds: 30
            periodSeconds: 5
            timeoutSeconds: 4
            failureThreshold: 3
            successThreshold: 1
          livenessProbe:
            httpGet:
              path: /-/healthy
              port: 9090
            initialDelaySeconds: 30
            periodSeconds: 15
            timeoutSeconds: 10
            failureThreshold: 3
            successThreshold: 1
          resources:
            {}
          volumeMounts:
            - name: config-volume
              mountPath: /etc/config
            - name: storage-volume
              mountPath: /data
              subPath: ""
      hostNetwork: false
      dnsPolicy: ClusterFirst
      terminationGracePeriodSeconds: 300
      volumes:
        - name: config-volume
          configMap:
            name: prom-prometheus-server
        - name: storage-volume
          persistentVolumeClaim:
            claimName: prom-prometheus-server
