---
# Source: victoria-metrics-agent/templates/serviceaccount.yaml
apiVersion: v1
kind: ServiceAccount
metadata:
  name: vmagent-victoria-metrics-agent
  namespace: devel010417-dev
  labels:
    helm.sh/chart: victoria-metrics-agent-0.7.22
    app.kubernetes.io/name: victoria-metrics-agent
    app.kubernetes.io/instance: vmagent
    app.kubernetes.io/version: "v1.63.0"
    app.kubernetes.io/managed-by: Helm
---
# Source: victoria-metrics-agent/templates/configmap.yaml
apiVersion: v1
kind: ConfigMap
metadata:
  name: vmagent-victoria-metrics-agent-config
  namespace: devel010417-dev
  labels:
    helm.sh/chart: victoria-metrics-agent-0.7.22
    app.kubernetes.io/name: victoria-metrics-agent
    app.kubernetes.io/instance: vmagent
    app.kubernetes.io/version: "v1.63.0"
    app.kubernetes.io/managed-by: Helm
data:
  scrape.yml: |
    
    global:
      scrape_interval: 10s
    scrape_configs:
    - job_name: vmagent
      static_configs:
      - targets:
        - localhost:8429
        - http://prom-devel010417-dev.apps.sandbox-m2.ll9k.p1.openshiftapps.com
    - bearer_token_file: /var/run/secrets/kubernetes.io/serviceaccount/token
      job_name: kubernetes-apiservers
      kubernetes_sd_configs:
      - role: endpoints
      relabel_configs:
      - action: keep
        regex: default;kubernetes;https
        source_labels:
        - __meta_kubernetes_namespace
        - __meta_kubernetes_service_name
        - __meta_kubernetes_endpoint_port_name
      scheme: https
      tls_config:
        ca_file: /var/run/secrets/kubernetes.io/serviceaccount/ca.crt
        insecure_skip_verify: true
    - bearer_token_file: /var/run/secrets/kubernetes.io/serviceaccount/token
      job_name: kubernetes-nodes
      kubernetes_sd_configs:
      - role: node
      relabel_configs:
      - action: labelmap
        regex: __meta_kubernetes_node_label_(.+)
      - replacement: kubernetes.default.svc:443
        target_label: __address__
      - regex: (.+)
        replacement: /api/v1/nodes/$1/proxy/metrics
        source_labels:
        - __meta_kubernetes_node_name
        target_label: __metrics_path__
      scheme: https
      tls_config:
        ca_file: /var/run/secrets/kubernetes.io/serviceaccount/ca.crt
        insecure_skip_verify: true
    - bearer_token_file: /var/run/secrets/kubernetes.io/serviceaccount/token
      job_name: kubernetes-nodes-cadvisor
      kubernetes_sd_configs:
      - role: node
      relabel_configs:
      - action: labelmap
        regex: __meta_kubernetes_node_label_(.+)
      - replacement: kubernetes.default.svc:443
        target_label: __address__
      - regex: (.+)
        replacement: /api/v1/nodes/$1/proxy/metrics/cadvisor
        source_labels:
        - __meta_kubernetes_node_name
        target_label: __metrics_path__
      scheme: https
      tls_config:
        ca_file: /var/run/secrets/kubernetes.io/serviceaccount/ca.crt
        insecure_skip_verify: true
    - job_name: kubernetes-service-endpoints
      kubernetes_sd_configs:
      - role: endpoints
      relabel_configs:
      - action: drop
        regex: true
        source_labels:
        - __meta_kubernetes_pod_container_init
      - action: keep_if_equal
        source_labels:
        - __meta_kubernetes_pod_annotation_prometheus_io_port
        - __meta_kubernetes_pod_container_port_number
      - action: keep
        regex: true
        source_labels:
        - __meta_kubernetes_service_annotation_prometheus_io_scrape
      - action: replace
        regex: (https?)
        source_labels:
        - __meta_kubernetes_service_annotation_prometheus_io_scheme
        target_label: __scheme__
      - action: replace
        regex: (.+)
        source_labels:
        - __meta_kubernetes_service_annotation_prometheus_io_path
        target_label: __metrics_path__
      - action: replace
        regex: ([^:]+)(?::\d+)?;(\d+)
        replacement: $1:$2
        source_labels:
        - __address__
        - __meta_kubernetes_service_annotation_prometheus_io_port
        target_label: __address__
      - action: labelmap
        regex: __meta_kubernetes_service_label_(.+)
      - action: replace
        source_labels:
        - __meta_kubernetes_namespace
        target_label: kubernetes_namespace
      - action: replace
        source_labels:
        - __meta_kubernetes_service_name
        target_label: kubernetes_name
      - action: replace
        source_labels:
        - __meta_kubernetes_pod_node_name
        target_label: kubernetes_node
    - job_name: kubernetes-service-endpoints-slow
      kubernetes_sd_configs:
      - role: endpoints
      relabel_configs:
      - action: drop
        regex: true
        source_labels:
        - __meta_kubernetes_pod_container_init
      - action: keep_if_equal
        source_labels:
        - __meta_kubernetes_pod_annotation_prometheus_io_port
        - __meta_kubernetes_pod_container_port_number
      - action: keep
        regex: true
        source_labels:
        - __meta_kubernetes_service_annotation_prometheus_io_scrape_slow
      - action: replace
        regex: (https?)
        source_labels:
        - __meta_kubernetes_service_annotation_prometheus_io_scheme
        target_label: __scheme__
      - action: replace
        regex: (.+)
        source_labels:
        - __meta_kubernetes_service_annotation_prometheus_io_path
        target_label: __metrics_path__
      - action: replace
        regex: ([^:]+)(?::\d+)?;(\d+)
        replacement: $1:$2
        source_labels:
        - __address__
        - __meta_kubernetes_service_annotation_prometheus_io_port
        target_label: __address__
      - action: labelmap
        regex: __meta_kubernetes_service_label_(.+)
      - action: replace
        source_labels:
        - __meta_kubernetes_namespace
        target_label: kubernetes_namespace
      - action: replace
        source_labels:
        - __meta_kubernetes_service_name
        target_label: kubernetes_name
      - action: replace
        source_labels:
        - __meta_kubernetes_pod_node_name
        target_label: kubernetes_node
      scrape_interval: 5m
      scrape_timeout: 30s
    - job_name: kubernetes-services
      kubernetes_sd_configs:
      - role: service
      metrics_path: /probe
      params:
        module:
        - http_2xx
      relabel_configs:
      - action: keep
        regex: true
        source_labels:
        - __meta_kubernetes_service_annotation_prometheus_io_probe
      - source_labels:
        - __address__
        target_label: __param_target
      - replacement: blackbox
        target_label: __address__
      - source_labels:
        - __param_target
        target_label: instance
      - action: labelmap
        regex: __meta_kubernetes_service_label_(.+)
      - source_labels:
        - __meta_kubernetes_namespace
        target_label: kubernetes_namespace
      - source_labels:
        - __meta_kubernetes_service_name
        target_label: kubernetes_name
    - job_name: kubernetes-pods
      kubernetes_sd_configs:
      - role: pod
      relabel_configs:
      - action: drop
        regex: true
        source_labels:
        - __meta_kubernetes_pod_container_init
      - action: keep_if_equal
        source_labels:
        - __meta_kubernetes_pod_annotation_prometheus_io_port
        - __meta_kubernetes_pod_container_port_number
      - action: keep
        regex: true
        source_labels:
        - __meta_kubernetes_pod_annotation_prometheus_io_scrape
      - action: replace
        regex: (.+)
        source_labels:
        - __meta_kubernetes_pod_annotation_prometheus_io_path
        target_label: __metrics_path__
      - action: replace
        regex: ([^:]+)(?::\d+)?;(\d+)
        replacement: $1:$2
        source_labels:
        - __address__
        - __meta_kubernetes_pod_annotation_prometheus_io_port
        target_label: __address__
      - action: labelmap
        regex: __meta_kubernetes_pod_label_(.+)
      - action: replace
        source_labels:
        - __meta_kubernetes_namespace
        target_label: kubernetes_namespace
      - action: replace
        source_labels:
        - __meta_kubernetes_pod_name
        target_label: kubernetes_pod_name
---
# Source: victoria-metrics-agent/templates/deployment.yaml
apiVersion: apps/v1
kind: Deployment
metadata:
  name: vmagent-victoria-metrics-agent
  namespace: devel010417-dev
  labels:
    helm.sh/chart: victoria-metrics-agent-0.7.22
    app.kubernetes.io/name: victoria-metrics-agent
    app.kubernetes.io/instance: vmagent
    app.kubernetes.io/version: "v1.63.0"
    app.kubernetes.io/managed-by: Helm
spec:
  replicas: 1
  selector:
    matchLabels:
      app.kubernetes.io/name: victoria-metrics-agent
      app.kubernetes.io/instance: vmagent
  template:
    metadata:
      labels:
        app.kubernetes.io/name: victoria-metrics-agent
        app.kubernetes.io/instance: vmagent
      annotations:
        checksum/config: 2000d6da0fab6d6aebed44543fdb5013f2e0fccd5d33f92bc79fa6a416deffd5
    spec:
      serviceAccountName: vmagent-victoria-metrics-agent
      securityContext:
        {}
      containers:
        - name: victoria-metrics-agent
          securityContext:
            {}
          image: "victoriametrics/vmagent:v1.63.0"
          workingDir: /
          args:
            - -promscrape.config=/config/scrape.yml
            - -remoteWrite.tmpDataPath=/tmpData
            - -envflag.enable=true
            - -envflag.prefix=VM_
            - -loggerFormat=json
            - -remoteWrite.url=https://vmserver-victoria-metrics-single-server:8428/api/v1/write
          imagePullPolicy: IfNotPresent
          ports:
            - name: http
              containerPort: 8429
          readinessProbe:
            httpGet:
              path: /health
              port: http
            initialDelaySeconds: 5
            periodSeconds: 15
          livenessProbe:
            tcpSocket:
              port: http
            initialDelaySeconds: 5
            periodSeconds: 15
            timeoutSeconds: 5
          volumeMounts:
            - name: tmpdata
              mountPath: /tmpData
            - name: config
              mountPath: /config
          resources:
            {}
      volumes:
        - name: tmpdata
          emptyDir: {}
        - name: config
          configMap:
            name: vmagent-victoria-metrics-agent-config
