---
# Source: victoria-metrics-single/templates/serviceaccount.yaml
apiVersion: v1
kind: ServiceAccount
metadata:
  labels:
    helm.sh/chart: victoria-metrics-single-0.8.0
    app.kubernetes.io/managed-by: Helm
  name: vmserver-victoria-metrics-single
  namespace: devel010417-dev
---
# Source: victoria-metrics-single/templates/server-service-headless.yaml
apiVersion: v1
kind: Service
metadata:
  namespace: devel010417-dev
  labels:
    app: server
    app.kubernetes.io/name: victoria-metrics-single
    app.kubernetes.io/instance: vmserver
    helm.sh/chart: victoria-metrics-single-0.8.0
    app.kubernetes.io/managed-by: Helm
  name: vmserver-victoria-metrics-single-server
spec:
  clusterIP: None
  ports:
    - name: http
      port: 8428
      protocol: TCP
      targetPort: http
  selector:
    app: server
    app.kubernetes.io/name: victoria-metrics-single
    app.kubernetes.io/instance: vmserver
---
# Source: victoria-metrics-single/templates/server-statefulset.yaml
apiVersion: apps/v1
kind: StatefulSet
metadata:
  namespace: devel010417-dev
  labels:
    app: server
    app.kubernetes.io/name: victoria-metrics-single
    app.kubernetes.io/instance: vmserver
    helm.sh/chart: victoria-metrics-single-0.8.0
    app.kubernetes.io/managed-by: Helm
  name: vmserver-victoria-metrics-single-server
spec:
  serviceName: vmserver-victoria-metrics-single-server
  selector:
    matchLabels:
      app: server
      app.kubernetes.io/name: victoria-metrics-single
      app.kubernetes.io/instance: vmserver
  replicas: 1
  podManagementPolicy: OrderedReady
  template:
    metadata:
      labels:
        app: server
        app.kubernetes.io/name: victoria-metrics-single
        app.kubernetes.io/instance: vmserver
        helm.sh/chart: victoria-metrics-single-0.8.0
        app.kubernetes.io/managed-by: Helm
    spec:
      automountServiceAccountToken: true
      containers:
        - name: victoria-metrics-single-server
          image: "image-registry.openshift-image-registry.svc:5000/devel010417-dev/victoria-metrics"
          imagePullPolicy: "IfNotPresent"
          args:
            - "--retentionPeriod=1"
            - "--storageDataPath=/storage"
            - --envflag.enable=true
            - --envflag.prefix=VM_
            - --loggerFormat=json
          ports:
            - name: http
              containerPort: 8428
          livenessProbe:
            failureThreshold: 10
            initialDelaySeconds: 30
            periodSeconds: 30
            tcpSocket:
              port: http
            timeoutSeconds: 5
          readinessProbe:
            failureThreshold: 3
            httpGet:
              path: /health
              port: http
            initialDelaySeconds: 5
            periodSeconds: 15
            timeoutSeconds: 5
          resources:
            {}
          volumeMounts:
            - name: server-volume
              mountPath: /storage
              subPath: 
      serviceAccountName: vmserver-victoria-metrics-single
      terminationGracePeriodSeconds: 60
      volumes:
  volumeClaimTemplates:
    - metadata:
        name: server-volume
      spec:
        accessModes:
          - ReadWriteOnce
        resources:
          requests:
            storage: "5Gi"
        storageClassName: "gp2"
